rww
rww
rww
bbb
www
ggg
gwg
owr
bwb
gwo
www
rww
ogw
www
www
wwo
wwo
rrw
obo
wwo
www
wgw
wwo
www
www
gwb
www
www
www
www
www
www
www
www
www
www
www
www
www
www
www
www
www
www
www
bby
rwy
rwo
wrg
gwr
ggb
ryw
ywo
rbg
bbg
wwy
bww
oyb
owr
org
gyr
ywg
wbo
rry
bwb
wob
wgw
gwg
rro
rro
ywy
wbb
wbb
rwb
wwg
ogr
bwy
owg
yog
bwy
wbg
wob
rwb
ogb
orr
rwo
rbg
bwo
rwb
roo
oww
gwo
bwy
gyb
ywg
ryw
wrw
wwy
rgy
wbb
gww
bgw
bgg
wwb
bbb
ygw
ywb
wry
gyg
wwo
rog
roo
bwg
brr
ywb
www
ogb
wwr
bwy
obr
byy
rwo
obo
oob
bwy
wbr
owo
owb
ywg
rbw
rwr
bbg
wbw
rwg
boy
owg
bwy
ogo
ryw
wwb
gwy
yyb
owo
yyb
grb
owo
ryw
oyg
ywo
yyw
ryb
rwg
yrw
wyy
owo
gyo
ywb
rwo
gyw
orr
wwg
rwy
wbg
www
gbr
obr
ywg
yyr
oyg
oww
byw
yob
gwb
wbg
gbg
bwo
wyr
org
ywg
ryb
wgo
oww
wyy
wwo
rww
rbo
bgw
gww
rbg
bgy
owr
bgb
ggw
owr
rob
bor
ywo
wyw
yyo
wwy
oow
ygg
rwy
yor
ybo
wwy
ywy
bwr
gwy
oor
gby
bwo
ywb
brr
ywg
wyb
byo
bwo
rwg
oow
bwb
roy
wwy
bww
yob
oog
rww
rgo
gyb
bwo
bgw
orb
gwr
oow
oyg
gww
yrb
ogo
bww
oyy
www
rwr
woo
rbr
rwb
rgy
boy
owb
ggg
wyb
ywg
gbb
rby
wwb
yyg
oob
ywo
wwy
ooy
ywr
rww
owg
owb
byr
ryr
rwg
gbg
brw
ywy
ygb
wyr
wwo
rog
byr
rwr
rro
yby
bwo
wrw
roy
gwg
bww
bbg
bwr
rgb
gwg
gwo
grb
owb
gww
yoy
grb
ywo
brr
gbg
bwy
bgb
rrw
bww
bgo
